Name:             nimbus
Namespace:        default
Priority:         0
Service Account:  default
Node:             core/192.168.1.106
Start Time:       Wed, 10 Apr 2024 22:14:28 -0500
Labels:           name=nimbus
Annotations:      <none>
Status:           Pending
IP:               10.36.0.2
IPs:
  IP:  10.36.0.2
Containers:
  nimbus:
    Container ID:   
    Image:          wclif/storm-nimbus:latest
    Image ID:       
    Port:           6627/TCP
    Host Port:      0/TCP
    State:          Waiting
      Reason:       ImagePullBackOff
    Ready:          False
    Restart Count:  0
    Environment:    <none>
    Mounts:
      /var/run/secrets/kubernetes.io/serviceaccount from kube-api-access-9n46z (ro)
Conditions:
  Type              Status
  Initialized       True 
  Ready             False 
  ContainersReady   False 
  PodScheduled      True 
Volumes:
  kube-api-access-9n46z:
    Type:                    Projected (a volume that contains injected data from multiple sources)
    TokenExpirationSeconds:  3607
    ConfigMapName:           kube-root-ca.crt
    ConfigMapOptional:       <nil>
    DownwardAPI:             true
QoS Class:                   BestEffort
Node-Selectors:              name=core
Tolerations:                 node.kubernetes.io/not-ready:NoExecute op=Exists for 300s
                             node.kubernetes.io/unreachable:NoExecute op=Exists for 300s
Events:
  Type     Reason     Age                    From               Message
  ----     ------     ----                   ----               -------
  Normal   Scheduled  33m                    default-scheduler  Successfully assigned default/nimbus to core
  Warning  Failed     33m                    kubelet            Failed to pull image "wclif/storm-nimbus:latest": rpc error: code = Unknown desc = failed to pull and unpack image "docker.io/wclif/storm-nimbus:latest": failed to copy: read tcp [2603:8081:4501:acaf::784]:46100->[2606:4700::6810:64d7]:443: read: connection reset by peer
  Warning  Failed     33m                    kubelet            Failed to pull image "wclif/storm-nimbus:latest": rpc error: code = Unknown desc = failed to pull and unpack image "docker.io/wclif/storm-nimbus:latest": failed to copy: read tcp [2603:8081:4501:acaf::784]:49062->[2606:4700::6810:64d7]:443: read: connection reset by peer
  Warning  Failed     32m                    kubelet            Failed to pull image "wclif/storm-nimbus:latest": rpc error: code = Unknown desc = failed to pull and unpack image "docker.io/wclif/storm-nimbus:latest": failed to copy: read tcp [2603:8081:4501:acaf::784]:44120->[2606:4700::6810:64d7]:443: read: connection reset by peer
  Normal   Pulling    31m (x4 over 33m)      kubelet            Pulling image "wclif/storm-nimbus:latest"
  Warning  Failed     31m (x4 over 33m)      kubelet            Error: ErrImagePull
  Warning  Failed     31m                    kubelet            Failed to pull image "wclif/storm-nimbus:latest": rpc error: code = Unknown desc = failed to pull and unpack image "docker.io/wclif/storm-nimbus:latest": failed to copy: httpReadSeeker: failed open: failed to do request: Get "https://registry-1.docker.io/v2/wclif/storm-nimbus/manifests/sha256:0ff4d6ee63055575e309be4c56920c4eb80399ae14abdf6b12b876aade3c1e4b": read tcp [2603:8081:4501:acaf::784]:59368->[2600:1f18:2148:bc02:445d:9ace:d20b:c303]:443: read: connection reset by peer
  Warning  Failed     31m (x6 over 33m)      kubelet            Error: ImagePullBackOff
  Normal   BackOff    3m51s (x119 over 33m)  kubelet            Back-off pulling image "wclif/storm-nimbus:latest"
